<?xml version="1.0" encoding="UTF-8"?>
<!-- Generated by org.testng.reporters.JUnitXMLReporter -->
<testsuite ignored="0" hostname="VAGGUSIVAJYOTHI" failures="1" tests="19" name="Surefire test" time="85.31" errors="0" timestamp="2026-03-03T17:04:51 IST">
  <testcase classname="com.swm.tests.ui.transport.VehicleManagement.TotalVehicles.TotalVehiclesTest" name="@BeforeMethod navigateToTotalVehicles" time="23.826">
    <failure type="org.openqa.selenium.TimeoutException" message="Expected condition failed: waiting for visibility of element located by By.id: email (tried for 20 second(s) with 500 milliseconds interval)
Build info: version: &amp;apos;4.15.0&amp;apos;, revision: &amp;apos;1d14b5521b&amp;apos;
System info: os.name: &amp;apos;Windows 11&amp;apos;, os.arch: &amp;apos;amd64&amp;apos;, os.version: &amp;apos;10.0&amp;apos;, java.version: &amp;apos;25.0.2&amp;apos;
Driver info: org.openqa.selenium.chrome.ChromeDriver
Capabilities {acceptInsecureCerts: false, browserName: chrome, browserVersion: 145.0.7632.117, chrome: {chromedriverVersion: 145.0.7632.117 (de4e5d6e13b..., userDataDir: C:\Users\SIVAJY~1\AppData\L...}, fedcm:accounts: true, goog:chromeOptions: {debuggerAddress: localhost:61959}, goog:processID: 15244, networkConnectionEnabled: false, pageLoadStrategy: normal, platformName: windows, proxy: Proxy(), se:cdp: ws://localhost:61959/devtoo..., se:cdpVersion: 145.0.7632.117, setWindowRect: true, strictFileInteractability: false, timeouts: {implicit: 0, pageLoad: 300000, script: 30000}, unhandledPromptBehavior: dismiss and notify, webauthn:extension:credBlob: true, webauthn:extension:largeBlob: true, webauthn:extension:minPinLength: true, webauthn:extension:prf: true, webauthn:virtualAuthenticators: true}
Session ID: e74f4ce8ba2ca5f3ad80b2159d217a21">
      <![CDATA[org.openqa.selenium.TimeoutException: Expected condition failed: waiting for visibility of element located by By.id: email (tried for 20 second(s) with 500 milliseconds interval)
Build info: version: '4.15.0', revision: '1d14b5521b'
System info: os.name: 'Windows 11', os.arch: 'amd64', os.version: '10.0', java.version: '25.0.2'
Driver info: org.openqa.selenium.chrome.ChromeDriver
Capabilities {acceptInsecureCerts: false, browserName: chrome, browserVersion: 145.0.7632.117, chrome: {chromedriverVersion: 145.0.7632.117 (de4e5d6e13b..., userDataDir: C:\Users\SIVAJY~1\AppData\L...}, fedcm:accounts: true, goog:chromeOptions: {debuggerAddress: localhost:61959}, goog:processID: 15244, networkConnectionEnabled: false, pageLoadStrategy: normal, platformName: windows, proxy: Proxy(), se:cdp: ws://localhost:61959/devtoo..., se:cdpVersion: 145.0.7632.117, setWindowRect: true, strictFileInteractability: false, timeouts: {implicit: 0, pageLoad: 300000, script: 30000}, unhandledPromptBehavior: dismiss and notify, webauthn:extension:credBlob: true, webauthn:extension:largeBlob: true, webauthn:extension:minPinLength: true, webauthn:extension:prf: true, webauthn:virtualAuthenticators: true}
Session ID: e74f4ce8ba2ca5f3ad80b2159d217a21
at org.openqa.selenium.support.ui.WebDriverWait.timeoutException(WebDriverWait.java:84)
at org.openqa.selenium.support.ui.FluentWait.until(FluentWait.java:229)
at com.swm.core.utils.WaitUtils.waitForElementVisible(WaitUtils.java:18)
at com.swm.ui.pages.auth.LoginPage.login(LoginPage.java:30)
at com.swm.tests.ui.transport.VehicleManagement.TotalVehicles.TotalVehiclesTest.navigateToTotalVehicles(TotalVehiclesTest.java:28)
at java.base/java.util.ArrayList.forEach(ArrayList.java:1604)
... Removed 34 stack frames]]>
    </failure>
  </testcase> <!-- @BeforeMethod navigateToTotalVehicles -->
  <testcase classname="com.swm.core.base.BaseTest" name="@AfterMethod tearDown" time="0.0">
    <skipped/>
  </testcase> <!-- @AfterMethod tearDown -->
  <testcase classname="com.swm.core.base.BaseTest" name="@BeforeMethod setUp" time="0.0">
    <skipped/>
  </testcase> <!-- @BeforeMethod setUp -->
  <testcase classname="com.swm.tests.ui.transport.VehicleManagement.TotalVehicles.TotalVehiclesTest" name="@BeforeMethod navigateToTotalVehicles" time="0.0">
    <skipped/>
  </testcase> <!-- @BeforeMethod navigateToTotalVehicles -->
  <testcase classname="com.swm.core.base.BaseTest" name="@AfterMethod tearDown" time="0.0">
    <skipped/>
  </testcase> <!-- @AfterMethod tearDown -->
  <testcase classname="com.swm.core.base.BaseTest" name="@BeforeMethod setUp" time="0.0">
    <skipped/>
  </testcase> <!-- @BeforeMethod setUp -->
  <testcase classname="com.swm.tests.ui.transport.VehicleManagement.TotalVehicles.TotalVehiclesTest" name="@BeforeMethod navigateToTotalVehicles" time="0.0">
    <skipped/>
  </testcase> <!-- @BeforeMethod navigateToTotalVehicles -->
  <testcase classname="com.swm.core.base.BaseTest" name="@AfterMethod tearDown" time="0.0">
    <skipped/>
  </testcase> <!-- @AfterMethod tearDown -->
  <testcase classname="com.swm.core.base.BaseTest" name="@BeforeMethod setUp" time="0.0">
    <skipped/>
  </testcase> <!-- @BeforeMethod setUp -->
  <testcase classname="com.swm.tests.ui.transport.VehicleManagement.TotalVehicles.TotalVehiclesTest" name="@BeforeMethod navigateToTotalVehicles" time="0.0">
    <skipped/>
  </testcase> <!-- @BeforeMethod navigateToTotalVehicles -->
  <testcase classname="com.swm.core.base.BaseTest" name="@AfterMethod tearDown" time="0.0">
    <skipped/>
  </testcase> <!-- @AfterMethod tearDown -->
  <testcase classname="com.swm.core.base.BaseTest" name="@BeforeMethod setUp" time="0.0">
    <skipped/>
  </testcase> <!-- @BeforeMethod setUp -->
  <testcase classname="com.swm.tests.ui.transport.VehicleManagement.TotalVehicles.TotalVehiclesTest" name="@BeforeMethod navigateToTotalVehicles" time="0.0">
    <skipped/>
  </testcase> <!-- @BeforeMethod navigateToTotalVehicles -->
  <testcase classname="com.swm.core.base.BaseTest" name="@AfterMethod tearDown" time="0.0">
    <skipped/>
  </testcase> <!-- @AfterMethod tearDown -->
  <testcase classname="com.swm.core.base.BaseTest" name="@BeforeMethod setUp" time="0.0">
    <skipped/>
  </testcase> <!-- @BeforeMethod setUp -->
  <testcase classname="com.swm.tests.ui.transport.VehicleManagement.TotalVehicles.TotalVehiclesTest" name="@BeforeMethod navigateToTotalVehicles" time="0.0">
    <skipped/>
  </testcase> <!-- @BeforeMethod navigateToTotalVehicles -->
  <testcase classname="com.swm.core.base.BaseTest" name="@AfterMethod tearDown" time="0.0">
    <skipped/>
  </testcase> <!-- @AfterMethod tearDown -->
  <testcase classname="com.swm.core.base.BaseTest" name="@BeforeMethod setUp" time="0.0">
    <skipped/>
  </testcase> <!-- @BeforeMethod setUp -->
  <testcase classname="com.swm.tests.ui.transport.VehicleManagement.TotalVehicles.TotalVehiclesTest" name="@BeforeMethod navigateToTotalVehicles" time="0.0">
    <skipped/>
  </testcase> <!-- @BeforeMethod navigateToTotalVehicles -->
  <testcase classname="com.swm.core.base.BaseTest" name="@AfterMethod tearDown" time="0.0">
    <skipped/>
  </testcase> <!-- @AfterMethod tearDown -->
  <testcase classname="com.swm.core.base.BaseTest" name="@BeforeMethod setUp" time="0.0">
    <skipped/>
  </testcase> <!-- @BeforeMethod setUp -->
  <testcase classname="com.swm.tests.ui.transport.VehicleManagement.TotalVehicles.TotalVehiclesTest" name="@BeforeMethod navigateToTotalVehicles" time="0.0">
    <skipped/>
  </testcase> <!-- @BeforeMethod navigateToTotalVehicles -->
  <testcase classname="com.swm.core.base.BaseTest" name="@AfterMethod tearDown" time="0.0">
    <skipped/>
  </testcase> <!-- @AfterMethod tearDown -->
  <testcase classname="com.swm.core.base.BaseTest" name="@BeforeMethod setUp" time="0.0">
    <skipped/>
  </testcase> <!-- @BeforeMethod setUp -->
  <testcase classname="com.swm.tests.ui.transport.VehicleManagement.TotalVehicles.TotalVehiclesTest" name="@BeforeMethod navigateToTotalVehicles" time="0.0">
    <skipped/>
  </testcase> <!-- @BeforeMethod navigateToTotalVehicles -->
  <testcase classname="com.swm.core.base.BaseTest" name="@AfterMethod tearDown" time="0.0">
    <skipped/>
  </testcase> <!-- @AfterMethod tearDown -->
  <testcase classname="com.swm.core.base.BaseTest" name="@BeforeMethod setUp" time="0.0">
    <skipped/>
  </testcase> <!-- @BeforeMethod setUp -->
  <testcase classname="com.swm.tests.ui.transport.VehicleManagement.TotalVehicles.TotalVehiclesTest" name="@BeforeMethod navigateToTotalVehicles" time="0.0">
    <skipped/>
  </testcase> <!-- @BeforeMethod navigateToTotalVehicles -->
  <testcase classname="com.swm.core.base.BaseTest" name="@AfterMethod tearDown" time="0.0">
    <skipped/>
  </testcase> <!-- @AfterMethod tearDown -->
  <testcase classname="com.swm.core.base.BaseTest" name="@BeforeMethod setUp" time="0.0">
    <skipped/>
  </testcase> <!-- @BeforeMethod setUp -->
  <testcase classname="com.swm.tests.ui.transport.VehicleManagement.TotalVehicles.TotalVehiclesTest" name="@BeforeMethod navigateToTotalVehicles" time="0.0">
    <skipped/>
  </testcase> <!-- @BeforeMethod navigateToTotalVehicles -->
  <testcase classname="com.swm.core.base.BaseTest" name="@AfterMethod tearDown" time="0.0">
    <skipped/>
  </testcase> <!-- @AfterMethod tearDown -->
  <testcase classname="com.swm.core.base.BaseTest" name="@BeforeMethod setUp" time="0.0">
    <skipped/>
  </testcase> <!-- @BeforeMethod setUp -->
  <testcase classname="com.swm.tests.ui.transport.VehicleManagement.TotalVehicles.TotalVehiclesTest" name="@BeforeMethod navigateToTotalVehicles" time="0.0">
    <skipped/>
  </testcase> <!-- @BeforeMethod navigateToTotalVehicles -->
  <testcase classname="com.swm.core.base.BaseTest" name="@AfterMethod tearDown" time="0.0">
    <skipped/>
  </testcase> <!-- @AfterMethod tearDown -->
  <testcase classname="com.swm.core.base.BaseTest" name="@BeforeMethod setUp" time="0.0">
    <skipped/>
  </testcase> <!-- @BeforeMethod setUp -->
  <testcase classname="com.swm.tests.ui.transport.VehicleManagement.TotalVehicles.TotalVehiclesTest" name="@BeforeMethod navigateToTotalVehicles" time="0.0">
    <skipped/>
  </testcase> <!-- @BeforeMethod navigateToTotalVehicles -->
  <testcase classname="com.swm.core.base.BaseTest" name="@AfterMethod tearDown" time="0.0">
    <skipped/>
  </testcase> <!-- @AfterMethod tearDown -->
  <testcase classname="com.swm.core.base.BaseTest" name="@BeforeMethod setUp" time="0.0">
    <skipped/>
  </testcase> <!-- @BeforeMethod setUp -->
  <testcase classname="com.swm.tests.ui.transport.VehicleManagement.TotalVehicles.TotalVehiclesTest" name="@BeforeMethod navigateToTotalVehicles" time="0.0">
    <skipped/>
  </testcase> <!-- @BeforeMethod navigateToTotalVehicles -->
  <testcase classname="com.swm.core.base.BaseTest" name="@AfterMethod tearDown" time="0.0">
    <skipped/>
  </testcase> <!-- @AfterMethod tearDown -->
  <testcase classname="com.swm.core.base.BaseTest" name="@BeforeMethod setUp" time="0.0">
    <skipped/>
  </testcase> <!-- @BeforeMethod setUp -->
  <testcase classname="com.swm.tests.ui.transport.VehicleManagement.TotalVehicles.TotalVehiclesTest" name="@BeforeMethod navigateToTotalVehicles" time="0.0">
    <skipped/>
  </testcase> <!-- @BeforeMethod navigateToTotalVehicles -->
  <testcase classname="com.swm.core.base.BaseTest" name="@AfterMethod tearDown" time="0.0">
    <skipped/>
  </testcase> <!-- @AfterMethod tearDown -->
  <testcase classname="com.swm.core.base.BaseTest" name="@BeforeMethod setUp" time="0.0">
    <skipped/>
  </testcase> <!-- @BeforeMethod setUp -->
  <testcase classname="com.swm.tests.ui.transport.VehicleManagement.TotalVehicles.TotalVehiclesTest" name="@BeforeMethod navigateToTotalVehicles" time="0.0">
    <skipped/>
  </testcase> <!-- @BeforeMethod navigateToTotalVehicles -->
  <testcase classname="com.swm.core.base.BaseTest" name="@AfterMethod tearDown" time="0.0">
    <skipped/>
  </testcase> <!-- @AfterMethod tearDown -->
  <testcase classname="com.swm.core.base.BaseTest" name="@BeforeMethod setUp" time="0.0">
    <skipped/>
  </testcase> <!-- @BeforeMethod setUp -->
  <testcase classname="com.swm.tests.ui.transport.VehicleManagement.TotalVehicles.TotalVehiclesTest" name="@BeforeMethod navigateToTotalVehicles" time="0.0">
    <skipped/>
  </testcase> <!-- @BeforeMethod navigateToTotalVehicles -->
  <testcase classname="com.swm.core.base.BaseTest" name="@AfterMethod tearDown" time="0.0">
    <skipped/>
  </testcase> <!-- @AfterMethod tearDown -->
  <testcase classname="com.swm.core.base.BaseTest" name="@BeforeMethod setUp" time="0.0">
    <skipped/>
  </testcase> <!-- @BeforeMethod setUp -->
  <testcase classname="com.swm.tests.ui.transport.VehicleManagement.TotalVehicles.TotalVehiclesTest" name="@BeforeMethod navigateToTotalVehicles" time="0.0">
    <skipped/>
  </testcase> <!-- @BeforeMethod navigateToTotalVehicles -->
  <testcase classname="com.swm.core.base.BaseTest" name="@AfterMethod tearDown" time="0.0">
    <skipped/>
  </testcase> <!-- @AfterMethod tearDown -->
  <testcase classname="com.swm.tests.ui.transport.VehicleManagement.TotalVehicles.TotalVehiclesTest" name="testSearchByVehicleNumber" time="2.366">
    <failure type="java.lang.AssertionError" message="Vehicle number not found in results expected [true] but found [false]">
      <![CDATA[java.lang.AssertionError: Vehicle number not found in results expected [true] but found [false]
at com.swm.tests.ui.transport.VehicleManagement.TotalVehicles.TotalVehiclesTest.testSearchByVehicleNumber(TotalVehiclesTest.java:52)
at java.base/java.util.ArrayList.forEach(ArrayList.java:1604)
... Removed 33 stack frames]]>
    </failure>
  </testcase> <!-- testSearchByVehicleNumber -->
  <testcase classname="com.swm.tests.ui.transport.VehicleManagement.TotalVehicles.TotalVehiclesTest" name="testSearchByDriverName" time="0.0">
    <skipped/>
  </testcase> <!-- testSearchByDriverName -->
  <testcase classname="com.swm.tests.ui.transport.VehicleManagement.TotalVehicles.TotalVehiclesTest" name="testSearchByPhoneNumber" time="0.001">
    <skipped/>
  </testcase> <!-- testSearchByPhoneNumber -->
  <testcase classname="com.swm.tests.ui.transport.VehicleManagement.TotalVehicles.TotalVehiclesTest" name="testPartialSearch" time="0.0">
    <skipped/>
  </testcase> <!-- testPartialSearch -->
  <testcase classname="com.swm.tests.ui.transport.VehicleManagement.TotalVehicles.TotalVehiclesTest" name="testInvalidSearch" time="0.0">
    <skipped/>
  </testcase> <!-- testInvalidSearch -->
  <testcase classname="com.swm.tests.ui.transport.VehicleManagement.TotalVehicles.TotalVehiclesTest" name="testEmptySearch" time="0.0">
    <skipped/>
  </testcase> <!-- testEmptySearch -->
  <testcase classname="com.swm.tests.ui.transport.VehicleManagement.TotalVehicles.TotalVehiclesTest" name="testSpecialCharactersInSearch" time="0.0">
    <skipped/>
  </testcase> <!-- testSpecialCharactersInSearch -->
  <testcase classname="com.swm.tests.ui.transport.VehicleManagement.TotalVehicles.TotalVehiclesTest" name="testFilterByVehicleType" time="0.0">
    <skipped/>
  </testcase> <!-- testFilterByVehicleType -->
  <testcase classname="com.swm.tests.ui.transport.VehicleManagement.TotalVehicles.TotalVehiclesTest" name="testFilterByStatus" time="0.0">
    <skipped/>
  </testcase> <!-- testFilterByStatus -->
  <testcase classname="com.swm.tests.ui.transport.VehicleManagement.TotalVehicles.TotalVehiclesTest" name="testFilterByWard" time="0.0">
    <skipped/>
  </testcase> <!-- testFilterByWard -->
  <testcase classname="com.swm.tests.ui.transport.VehicleManagement.TotalVehicles.TotalVehiclesTest" name="testFilterByDepartment" time="0.0">
    <skipped/>
  </testcase> <!-- testFilterByDepartment -->
  <testcase classname="com.swm.tests.ui.transport.VehicleManagement.TotalVehicles.TotalVehiclesTest" name="testFilterByDateRange" time="0.0">
    <skipped/>
  </testcase> <!-- testFilterByDateRange -->
  <testcase classname="com.swm.tests.ui.transport.VehicleManagement.TotalVehicles.TotalVehiclesTest" name="testMultipleFilters_VehicleTypeAndStatus" time="0.0">
    <skipped/>
  </testcase> <!-- testMultipleFilters_VehicleTypeAndStatus -->
  <testcase classname="com.swm.tests.ui.transport.VehicleManagement.TotalVehicles.TotalVehiclesTest" name="testMultipleFilters_StatusAndWard" time="0.0">
    <skipped/>
  </testcase> <!-- testMultipleFilters_StatusAndWard -->
  <testcase classname="com.swm.tests.ui.transport.VehicleManagement.TotalVehicles.TotalVehiclesTest" name="testMultipleFilters_DateRangeAndStatus" time="0.0">
    <skipped/>
  </testcase> <!-- testMultipleFilters_DateRangeAndStatus -->
  <testcase classname="com.swm.tests.ui.transport.VehicleManagement.TotalVehicles.TotalVehiclesTest" name="testAllFiltersCombined" time="0.001">
    <skipped/>
  </testcase> <!-- testAllFiltersCombined -->
  <testcase classname="com.swm.tests.ui.transport.VehicleManagement.TotalVehicles.TotalVehiclesTest" name="testFilterAutomationFlow" time="0.0">
    <skipped/>
  </testcase> <!-- testFilterAutomationFlow -->
  <testcase classname="com.swm.tests.ui.transport.VehicleManagement.TotalVehicles.TotalVehiclesTest" name="testClearAllFunctionality" time="0.0">
    <skipped/>
  </testcase> <!-- testClearAllFunctionality -->
  <testcase classname="com.swm.tests.ui.transport.VehicleManagement.TotalVehicles.TotalVehiclesTest" name="testFilterByVehicleType_TRACTOR" time="0.0">
    <skipped/>
  </testcase> <!-- testFilterByVehicleType_TRACTOR -->
</testsuite> <!-- Surefire test -->
