<?xml version="1.0" encoding="UTF-8"?>
<testng-results ignored="0" total="1" passed="1" failed="0" skipped="0">
  <reporter-output>
  </reporter-output>
  <suite started-at="2025-09-23T10:50:43 IST" name="Default suite" finished-at="2025-09-23T10:50:51 IST" duration-ms="8347">
    <groups>
    </groups>
    <test started-at="2025-09-23T10:50:43 IST" name="Default test" finished-at="2025-09-23T10:50:51 IST" duration-ms="8347">
      <class name="TestNG.DreamPortalAutomationTest">
        <test-method is-config="true" signature="setup()[pri:0, instance:TestNG.DreamPortalAutomationTest@1ca3b418]" started-at="2025-09-23T10:50:43 IST" name="setup" finished-at="2025-09-23T10:50:46 IST" duration-ms="2884" status="PASS">
          <reporter-output>
          </reporter-output>
        </test-method> <!-- setup -->
        <test-method signature="testDreamPortal()[pri:0, instance:TestNG.DreamPortalAutomationTest@1ca3b418]" started-at="2025-09-23T10:50:46 IST" name="testDreamPortal" finished-at="2025-09-23T10:50:51 IST" duration-ms="4838" status="PASS">
          <reporter-output>
          </reporter-output>
        </test-method> <!-- testDreamPortal -->
        <test-method is-config="true" signature="tearDown()[pri:0, instance:TestNG.DreamPortalAutomationTest@1ca3b418]" started-at="2025-09-23T10:50:51 IST" name="tearDown" finished-at="2025-09-23T10:50:51 IST" duration-ms="560" status="PASS">
          <reporter-output>
          </reporter-output>
        </test-method> <!-- tearDown -->
      </class> <!-- TestNG.DreamPortalAutomationTest -->
    </test> <!-- Default test -->
  </suite> <!-- Default suite -->
</testng-results>
