<?xml version="1.0" encoding="UTF-8"?>
<!-- Generated by org.testng.reporters.JUnitReportReporter -->
<testsuite hostname="VAGGUSIVAJYOTHI" failures="0" tests="1" name="com.swm.tests.ui.transport.VehicleManagement.TotalVehicles.FilterDebugTest" time="66.125" errors="0" timestamp="2026-03-03T15:34:43 IST" skipped="0">
  <testcase classname="com.swm.tests.ui.transport.VehicleManagement.TotalVehicles.FilterDebugTest" name="debugFilterElements" time="66.125"/>
</testsuite> <!-- com.swm.tests.ui.transport.VehicleManagement.TotalVehicles.FilterDebugTest -->
